<?xml version="1.0" encoding="UTF-8"?>
<!-- Generated by org.testng.reporters.JUnitXMLReporter -->
<testsuite hostname="user-PC" ignored="0" name="Default test" tests="4" failures="0" timestamp="25 Oct 2020 01:38:30 GMT" time="0.168" errors="0">
  <testcase name="div" time="0.035" classname="com.qa.test.DemoTest"/>
  <testcase name="mul" time="0.003" classname="com.qa.test.DemoTest"/>
  <testcase name="sub" time="0.003" classname="com.qa.test.DemoTest"/>
  <testcase name="sum" time="0.006" classname="com.qa.test.DemoTest"/>
</testsuite> <!-- Default test -->
