<?xml version="1.0" encoding="UTF-8"?>
<!-- Generated by org.testng.reporters.JUnitXMLReporter -->
<testsuite hostname="user-PC" ignored="0" name="MavenSession Application Test" tests="12" failures="0" timestamp="25 Oct 2020 04:28:53 GMT" time="0.113" errors="0">
  <testcase name="div" time="0.031" classname="com.qa.test.DemoTest"/>
  <testcase name="mul" time="0.0" classname="com.qa.test.DemoTest"/>
  <testcase name="sub" time="0.0" classname="com.qa.test.DemoTest"/>
  <testcase name="sum" time="0.0" classname="com.qa.test.DemoTest"/>
  <testcase name="div1" time="0.0" classname="com.qa.test.DemoTest2"/>
  <testcase name="mul1" time="0.0" classname="com.qa.test.DemoTest2"/>
  <testcase name="sub1" time="0.0" classname="com.qa.test.DemoTest2"/>
  <testcase name="sum1" time="0.0" classname="com.qa.test.DemoTest2"/>
  <testcase name="div2" time="0.0" classname="com.qa.test.DemoTest3"/>
  <testcase name="mul2" time="0.0" classname="com.qa.test.DemoTest3"/>
  <testcase name="sub2" time="0.0" classname="com.qa.test.DemoTest3"/>
  <testcase name="sum2" time="0.0" classname="com.qa.test.DemoTest3"/>
</testsuite> <!-- MavenSession Application Test -->
