<?xml version="1.0" encoding="UTF-8"?>
<testng-results skipped="0" failed="0" ignored="0" total="4" passed="4">
  <reporter-output>
  </reporter-output>
  <suite name="Default suite" duration-ms="168" started-at="2020-10-25T01:38:29Z" finished-at="2020-10-25T01:38:30Z">
    <groups>
    </groups>
    <test name="Default test" duration-ms="168" started-at="2020-10-25T01:38:29Z" finished-at="2020-10-25T01:38:30Z">
      <class name="com.qa.test.DemoTest">
        <test-method status="PASS" signature="div()[pri:0, instance:com.qa.test.DemoTest@16905e]" name="div" duration-ms="35" started-at="2020-10-25T01:38:30Z" finished-at="2020-10-25T01:38:30Z">
          <reporter-output>
          </reporter-output>
        </test-method> <!-- div -->
        <test-method status="PASS" signature="mul()[pri:0, instance:com.qa.test.DemoTest@16905e]" name="mul" duration-ms="3" started-at="2020-10-25T01:38:30Z" finished-at="2020-10-25T01:38:30Z">
          <reporter-output>
          </reporter-output>
        </test-method> <!-- mul -->
        <test-method status="PASS" signature="sub()[pri:0, instance:com.qa.test.DemoTest@16905e]" name="sub" duration-ms="3" started-at="2020-10-25T01:38:30Z" finished-at="2020-10-25T01:38:30Z">
          <reporter-output>
          </reporter-output>
        </test-method> <!-- sub -->
        <test-method status="PASS" signature="sum()[pri:0, instance:com.qa.test.DemoTest@16905e]" name="sum" duration-ms="6" started-at="2020-10-25T01:38:30Z" finished-at="2020-10-25T01:38:30Z">
          <reporter-output>
          </reporter-output>
        </test-method> <!-- sum -->
      </class> <!-- com.qa.test.DemoTest -->
    </test> <!-- Default test -->
  </suite> <!-- Default suite -->
</testng-results>
